MSBuild version 18.1.1-preview-25556-03+4e139ce80 for .NET Framework

  arithm.sse4_1.cpp
  matmul.sse4_1.cpp
  imgwarp.sse4_1.cpp
  resize.sse4_1.cpp
  accum.sse4_1.cpp
  box_filter.sse4_1.cpp
  filter.sse4_1.cpp
  color_hsv.sse4_1.cpp
  color_rgb.sse4_1.cpp
  color_yuv.sse4_1.cpp
  median_blur.sse4_1.cpp
  morph.sse4_1.cpp
  smooth.sse4_1.cpp
  sift.sse4_1.cpp
  gfluidimgproc_func.sse4_1.cpp
  gfluidcore_func.sse4_1.cpp
  jcapistd.c
  jccolor.c
  jcdiffct.c
  jclossls.c
  jcmainct.c
  jcprepct.c
  jcsample.c
  jdapistd.c
  jdcolor.c
  jddiffct.c
  jdlossls.c
  jdmainct.c
  jdpostct.c
  jdsample.c
  jutils.c
  mathfuncs_core.avx.cpp
  corner.avx.cpp
  accum.avx.cpp
  layers_common.avx.cpp
  conv_block.avx.cpp
  conv_depthwise.avx.cpp
  conv_winograd_f63.avx.cpp
  fast_gemm_kernels.avx.cpp
  mathfuncs_core.avx2.cpp
  stat.avx2.cpp
  arithm.avx2.cpp
  convert.avx2.cpp
  convert_scale.avx2.cpp
  count_non_zero.avx2.cpp
  has_non_zero.avx2.cpp
  matmul.avx2.cpp
  mean.avx2.cpp
  merge.avx2.cpp
  split.avx2.cpp
  sum.avx2.cpp
  imgwarp.avx2.cpp
  resize.avx2.cpp
  accum.avx2.cpp
  bilateral_filter.avx2.cpp
  box_filter.avx2.cpp
  filter.avx2.cpp
  color_hsv.avx2.cpp
  color_rgb.avx2.cpp
  color_yuv.avx2.cpp
  median_blur.avx2.cpp
  morph.avx2.cpp
  smooth.avx2.cpp
  sumpixels.avx2.cpp
  conv_block.avx2.cpp
  conv_depthwise.avx2.cpp
  conv_winograd_f63.avx2.cpp
  fast_gemm_kernels.avx2.cpp
  fast.avx2.cpp
  sift.avx2.cpp
  undistort.avx2.cpp
  gfluidimgproc_func.avx2.cpp
  gfluidcore_func.avx2.cpp
  opencv_world_AVX.vcxproj -> C:\Users\therouxe\source\repos\MacroMan5\macroman_aimbot_cpp\sunone_aimbot_cpp\modules\opencv\build\modules\world\opencv_world_AVX.dir\Release\opencv_world_AVX.lib
  jpeg16-static.vcxproj -> C:\Users\therouxe\source\repos\MacroMan5\macroman_aimbot_cpp\sunone_aimbot_cpp\modules\opencv\build\3rdparty\libjpeg-turbo\jpeg16-static.dir\Release\jpeg16-static.lib
  stat.sse4_2.cpp
  matmul.avx512_skx.cpp
  sumpixels.avx512_skx.cpp
  sift.avx512_skx.cpp
  opencv_world_SSE4_1.vcxproj -> C:\Users\therouxe\source\repos\MacroMan5\macroman_aimbot_cpp\sunone_aimbot_cpp\modules\opencv\build\modules\world\opencv_world_SSE4_1.dir\Release\opencv_world_SSE4_1.lib
  opencv_world_SSE4_2.vcxproj -> C:\Users\therouxe\source\repos\MacroMan5\macroman_aimbot_cpp\sunone_aimbot_cpp\modules\opencv\build\modules\world\opencv_world_SSE4_2.dir\Release\opencv_world_SSE4_2.lib
  layers_common.avx512_skx.cpp
  jcapistd.c
  jccolor.c
  jcdiffct.c
  jclossls.c
  jcmainct.c
  jcprepct.c
  jcsample.c
  jdapistd.c
  jdcolor.c
  jddiffct.c
  jdlossls.c
  jdmainct.c
  jdpostct.c
  jdsample.c
  jutils.c
  jccoefct.c
  jcdctmgr.c
  jdcoefct.c
  jddctmgr.c
  layers_common.avx2.cpp
  jdmerge.c
  jfdctfst.c
  jfdctint.c
  jidctflt.c
  jidctfst.c
  jidctint.c
  jidctred.c
  jquant1.c
  jquant2.c
  jpeg12-static.vcxproj -> C:\Users\therouxe\source\repos\MacroMan5\macroman_aimbot_cpp\sunone_aimbot_cpp\modules\opencv\build\3rdparty\libjpeg-turbo\jpeg12-static.dir\Release\jpeg12-static.lib
  layers_common.avx512_skx.cpp
  layers_common.avx2.cpp
  opencv_world_AVX512_SKX.vcxproj -> C:\Users\therouxe\source\repos\MacroMan5\macroman_aimbot_cpp\sunone_aimbot_cpp\modules\opencv\build\modules\world\opencv_world_AVX512_SKX.dir\Release\opencv_world_AVX512_SKX.lib
  opencv_world_AVX2.vcxproj -> C:\Users\therouxe\source\repos\MacroMan5\macroman_aimbot_cpp\sunone_aimbot_cpp\modules\opencv\build\modules\world\opencv_world_AVX2.dir\Release\opencv_world_AVX2.lib
  iw_core.c
  iw_image.c
  iw_image_color_convert_all.c
  iw_image_color_convert_rgbs.c
  iw_image_filter_bilateral.c
  iw_image_filter_box.c
  iw_image_filter_canny.c
  iw_image_filter_gaussian.c
  iw_image_filter_general.c
  jcapistd.c
  jccolor.c
  jcdiffct.c
  jclossls.c
  jcmainct.c
  jcprepct.c
  iw_image_filter_laplacian.c
  jcsample.c
  iw_image_filter_morphology.c
  jdapistd.c
  jdcolor.c
  jddiffct.c
  jdlossls.c
  jdmainct.c
  jdpostct.c
  jdsample.c
  jutils.c
  thread.c
  jccoefct.c
  bio.c
  jcdctmgr.c
  cio.c
  jdcoefct.c
  dwt.c
  jddctmgr.c
  event.c
  jdmerge.c
  ht_dec.c
  jfdctfst.c
  image.c
  jfdctint.c
  invert.c
  jidctflt.c
  j2k.c
  jidctfst.c
  jp2.c
  jidctint.c
  mct.c
  jidctred.c
  mqc.c
  jquant1.c
  openjpeg.c
  jquant2.c
  opj_clock.c
  jcapimin.c
  pi.c
  jchuff.c
  t1.c
  jcicc.c
  t2.c
  jcinit.c
  tcd.c
  jclhuff.c
  tgt.c
  jcmarker.c
  function_list.c
  jcmaster.c
  opj_malloc.c
  jcomapi.c
  sparse_array.c
  jcparam.c
  jcphuff.c
  jctrans.c
  jdapimin.c
  jdatadst.c
  jdatasrc.c
  jdhuff.c
  jdicc.c
  jdinput.c
  jdlhuff.c
  jdmarker.c
  jdmaster.c
  jdphuff.c
  jdtrans.c
  jerror.c
  jfdctflt.c
  jmemmgr.c
  jmemnobs.c
  jpeg_nbits.c
  jaricom.c
  jcarith.c
  jdarith.c
  iw_image_filter_scharr.c
  iw_image_filter_sobel.c
  iw_image_op_copy.c
  iw_image_op_copy_channel.c
  iw_image_op_copy_make_border.c
  iw_image_op_copy_merge.c
  iw_image_op_copy_split.c
  iw_image_op_scale.c
  iw_image_op_set.c
  iw_image_op_set_channel.c
  iw_image_op_swap_channels.c
  iw_image_transform_mirror.c
  iw_image_transform_resize.c
  iw_image_transform_rotate.c
  iw_image_transform_warpaffine.c
  iw_own.c
  any_lite.cc
  arena.cc
  arenastring.cc
  extension_set.cc
  generated_message_util.cc
  implicit_weak_message.cc
  coded_stream.cc
  io_win32.cc
  strtod.cc
  zero_copy_stream.cc
  zero_copy_stream_impl.cc
  zero_copy_stream_impl_lite.cc
  map.cc
  message_lite.cc
  alloc.cpp
  assert.cpp
  check_cycles.cpp
  edge.cpp
  execution_engine.cpp
  graph.cpp
  memory_accessor.cpp
  memory_descriptor.cpp
  memory_descriptor_ref.cpp
  memory_descriptor_view.cpp
  metadata.cpp
  metatypes.cpp
  node.cpp
  communications.cpp
  search.cpp
  subgraphs.cpp
  topological_sort.cpp
  sharpyuv.c
  sharpyuv_cpu.c
  sharpyuv_csp.c
  sharpyuv_dsp.c
  sharpyuv_gamma.c
  sharpyuv_neon.c
  sharpyuv_sse2.c
  alpha_dec.c
  buffer_dec.c
  frame_dec.c
  idec_dec.c
  io_dec.c
  quant_dec.c
  tree_dec.c
  vp8_dec.c
  vp8l_dec.c
  webp_dec.c
  anim_decode.c
  demux.c
  alpha_processing.c
  alpha_processing_mips_dsp_r2.c
  alpha_processing_neon.c
  alpha_processing_sse2.c
  alpha_processing_sse41.c
  cost.c
  cost_mips32.c
  cost_mips_dsp_r2.c
  cost_neon.c
  cost_sse2.c
  cpu.c
  dec.c
  dec_clip_tables.c
  dec_mips32.c
  dec_mips_dsp_r2.c
  dec_msa.c
  dec_neon.c
  dec_sse2.c
  dec_sse41.c
  enc.c
  enc_mips32.c
  enc_mips_dsp_r2.c
  enc_msa.c
  enc_neon.c
  enc_sse2.c
  enc_sse41.c
  filters.c
  filters_mips_dsp_r2.c
  filters_msa.c
  filters_neon.c
  filters_sse2.c
  lossless.c
  lossless_enc.c
  lossless_enc_mips32.c
  lossless_enc_mips_dsp_r2.c
  lossless_enc_msa.c
  lossless_enc_neon.c
  lossless_enc_sse2.c
  lossless_enc_sse41.c
  lossless_mips_dsp_r2.c
  lossless_msa.c
  lossless_neon.c
  lossless_sse2.c
  lossless_sse41.c
  rescaler.c
  rescaler_mips32.c
  rescaler_mips_dsp_r2.c
  rescaler_msa.c
  rescaler_neon.c
  rescaler_sse2.c
  ssim.c
  ssim_sse2.c
  upsampling.c
  upsampling_mips_dsp_r2.c
  upsampling_msa.c
  upsampling_neon.c
  upsampling_sse2.c
  upsampling_sse41.c
  yuv.c
  yuv_mips32.c
  yuv_mips_dsp_r2.c
  yuv_neon.c
  yuv_sse2.c
  yuv_sse41.c
  alpha_enc.c
  analysis_enc.c
  backward_references_cost_enc.c
  backward_references_enc.c
  config_enc.c
  cost_enc.c
  filter_enc.c
  frame_enc.c
  histogram_enc.c
  iterator_enc.c
  near_lossless_enc.c
  picture_csp_enc.c
  picture_enc.c
  picture_psnr_enc.c
  picture_rescale_enc.c
  picture_tools_enc.c
  predictor_enc.c
  quant_enc.c
  syntax_enc.c
  token_enc.c
  tree_enc.c
  vp8l_enc.c
  webp_enc.c
  anim_encode.c
  muxedit.c
  muxinternal.c
  muxread.c
  bit_reader_utils.c
  bit_writer_utils.c
  color_cache_utils.c
  filters_utils.c
  huffman_encode_utils.c
  huffman_utils.c
  palette.c
  quant_levels_dec_utils.c
  quant_levels_utils.c
  random_utils.c
  rescaler_utils.c
  thread_utils.c
  utils.c
  parse_context.cc
  repeated_field.cc
  repeated_ptr_field.cc
  bytestream.cc
  common.cc
  int128.cc
  status.cc
  stringpiece.cc
  stringprintf.cc
  structurally_valid.cc
  ittnotify_static.c
  strutil.cc
  wire_format_lite.cc
  any.cc
  libwebp.vcxproj -> C:\Users\therouxe\source\repos\MacroMan5\macroman_aimbot_cpp\sunone_aimbot_cpp\modules\opencv\build\3rdparty\lib\Release\libwebp.lib
  jitprofiling.c
  ade.vcxproj -> C:\Users\therouxe\source\repos\MacroMan5\macroman_aimbot_cpp\sunone_aimbot_cpp\modules\opencv\build\3rdparty\lib\Release\ade.lib
  libjpeg-turbo.vcxproj -> C:\Users\therouxe\source\repos\MacroMan5\macroman_aimbot_cpp\sunone_aimbot_cpp\modules\opencv\build\3rdparty\lib\Release\libjpeg-turbo.lib
  adler32.c
  compress.c
  crc32.c
  deflate.c
  gzclose.c
  gzlib.c
  gzread.c
  gzwrite.c
  inflate.c
  infback.c
  inftrees.c
  inffast.c
  trees.c
  uncompr.c
  zutil.c
  descriptor.cc
  descriptor.pb.cc
  descriptor_database.cc
  dynamic_message.cc
  extension_set_heavy.cc
  ippiw.vcxproj -> C:\Users\therouxe\source\repos\MacroMan5\macroman_aimbot_cpp\sunone_aimbot_cpp\modules\opencv\build\3rdparty\lib\Release\ippiw.lib
  generated_message_reflection.cc
  tokenizer.cc
  map_field.cc
  message.cc
  reflection_ops.cc
  substitute.cc
  text_format.cc
  unknown_field_set.cc
  wire_format.cc
  libopenjp2.vcxproj -> C:\Users\therouxe\source\repos\MacroMan5\macroman_aimbot_cpp\sunone_aimbot_cpp\modules\opencv\build\3rdparty\lib\Release\libopenjp2.lib
  zlib.vcxproj -> C:\Users\therouxe\source\repos\MacroMan5\macroman_aimbot_cpp\sunone_aimbot_cpp\modules\opencv\build\3rdparty\lib\Release\zlib.lib
  ittnotify.vcxproj -> C:\Users\therouxe\source\repos\MacroMan5\macroman_aimbot_cpp\sunone_aimbot_cpp\modules\opencv\build\3rdparty\lib\Release\ittnotify.lib
  png.c
  half.cpp
  tif_aux.c
  pngerror.c
  tif_close.c
  pngget.c
  tif_codec.c
  pngmem.c
  tif_color.c
  pngpread.c
  tif_compress.c
  pngread.c
  tif_dir.c
  pngrio.c
  tif_dirinfo.c
  pngrtran.c
  tif_dirread.c
  pngrutil.c
  tif_dirwrite.c
  pngset.c
  tif_dumpmode.c
  pngtrans.c
  tif_error.c
  pngwio.c
  tif_extension.c
  pngwrite.c
  tif_fax3.c
  pngwtran.c
  tif_fax3sm.c
  tif_flush.c
  tif_getimage.c
  tif_hash_set.c
  tif_jbig.c
  tif_jpeg_12.c
  tif_jpeg.c
  tif_luv.c
  tif_lzma.c
  tif_lzw.c
  pngwutil.c
  tif_next.c
  intel_init.c
  filter_sse2_intrinsics.c
  tif_ojpeg.c
  IexBaseExc.cpp
  IexThrowErrnoExc.cpp
  ImfAcesFile.cpp
  ImfAttribute.cpp
  ImfB44Compressor.cpp
  ImfBoxAttribute.cpp
  ImfCRgbaFile.cpp
  ImfChannelList.cpp
  ImfChannelListAttribute.cpp
  ImfChromaticities.cpp
  ImfChromaticitiesAttribute.cpp
  ImfCompositeDeepScanLine.cpp
  ImfCompressionAttribute.cpp
  ImfCompressor.cpp
  ImfConvert.cpp
  ImfDeepCompositing.cpp
  ImfDeepFrameBuffer.cpp
  ImfDeepImageStateAttribute.cpp
  tif_open.c
  tif_packbits.c
  tif_pixarlog.c
  tif_predict.c
  tif_print.c
  tif_read.c
  tif_strip.c
  tif_swab.c
  tif_thunder.c
  tif_tile.c
  tif_version.c
  tif_warning.c
  tif_webp.c
  tif_write.c
  tif_zip.c
  tif_zstd.c
  tif_win32.c
  ImfDeepScanLineInputFile.cpp
  ImfDeepScanLineInputPart.cpp
  ImfDeepScanLineOutputFile.cpp
  ImfDeepScanLineOutputPart.cpp
  ImfDeepTiledInputFile.cpp
  ImfDeepTiledInputPart.cpp
  ImfDeepTiledOutputFile.cpp
  ImfDeepTiledOutputPart.cpp
  ImfDoubleAttribute.cpp
  tif_stream.cxx
  libprotobuf.vcxproj -> C:\Users\therouxe\source\repos\MacroMan5\macroman_aimbot_cpp\sunone_aimbot_cpp\modules\opencv\build\3rdparty\lib\Release\libprotobuf.lib
  ImfDwaCompressor.cpp
  ImfEnvmap.cpp
  ImfEnvmapAttribute.cpp
  ImfFastHuf.cpp
  ImfFloatAttribute.cpp
  ImfFloatVectorAttribute.cpp
  ImfFrameBuffer.cpp
  ImfFramesPerSecond.cpp
  ImfGenericInputFile.cpp
  ImfGenericOutputFile.cpp
  ImfHeader.cpp
  libpng.vcxproj -> C:\Users\therouxe\source\repos\MacroMan5\macroman_aimbot_cpp\sunone_aimbot_cpp\modules\opencv\build\3rdparty\lib\Release\libpng.lib
  ImfHuf.cpp
  ImfIO.cpp
  ImfInputFile.cpp
  ImfInputPart.cpp
  ImfInputPartData.cpp
  ImfIntAttribute.cpp
  ImfKeyCode.cpp
  ImfKeyCodeAttribute.cpp
  ImfLineOrderAttribute.cpp
  ImfLut.cpp
  ImfMatrixAttribute.cpp
  ImfMisc.cpp
  ImfMultiPartInputFile.cpp
  ImfMultiPartOutputFile.cpp
  ImfMultiView.cpp
  ImfOpaqueAttribute.cpp
  ImfOutputFile.cpp
  ImfOutputPart.cpp
  ImfOutputPartData.cpp
  ImfPartType.cpp
  ImfPizCompressor.cpp
  ImfPreviewImage.cpp
  libtiff.vcxproj -> C:\Users\therouxe\source\repos\MacroMan5\macroman_aimbot_cpp\sunone_aimbot_cpp\modules\opencv\build\3rdparty\lib\Release\libtiff.lib
  ImfPreviewImageAttribute.cpp
  ImfPxr24Compressor.cpp
  ImfRational.cpp
  ImfRationalAttribute.cpp
  ImfRgbaFile.cpp
  ImfRgbaYca.cpp
  ImfRle.cpp
  ImfRleCompressor.cpp
  ImfScanLineInputFile.cpp
  ImfStandardAttributes.cpp
  ImfStdIO.cpp
  ImfStringAttribute.cpp
  ImfStringVectorAttribute.cpp
  ImfSystemSpecific.cpp
  ImfTestFile.cpp
  ImfThreading.cpp
  ImfTileDescriptionAttribute.cpp
  ImfTileOffsets.cpp
  ImfTiledInputFile.cpp
  ImfTiledInputPart.cpp
  ImfTiledMisc.cpp
  ImfTiledOutputFile.cpp
  ImfTiledOutputPart.cpp
  ImfTiledRgbaFile.cpp
  ImfTimeCode.cpp
  ImfTimeCodeAttribute.cpp
  ImfVecAttribute.cpp
  ImfVersion.cpp
  ImfWav.cpp
  ImfZip.cpp
  ImfZipCompressor.cpp
  dwaLookups.cpp
  IlmThread.cpp
  IlmThreadMutex.cpp
  IlmThreadMutexWin32.cpp
  IlmThreadPool.cpp
  IlmThreadSemaphore.cpp
  IlmThreadSemaphoreWin32.cpp
  IlmThreadWin32.cpp
  ImathBox.cpp
  ImathColorAlgo.cpp
  ImathFun.cpp
  ImathMatrixAlgo.cpp
  ImathRandom.cpp
  ImathShear.cpp
  ImathVec.cpp
  IlmImf.vcxproj -> C:\Users\therouxe\source\repos\MacroMan5\macroman_aimbot_cpp\sunone_aimbot_cpp\modules\opencv\build\3rdparty\lib\Release\IlmImf.lib
C:\Program Files\Microsoft Visual Studio\18\Insiders\MSBuild\Microsoft\VC\v170\Microsoft.CppBuild.targets(1202,14): error MSB4023: Cannot evaluate the item metadata "%(RootDir)". The item metadata "%(FullPath)" cannot be applied to the path "C:\Users\therouxe\source\repos\MacroMan5\macroman_aimbot_cpp\sunone_aimbot_cpp\modules\opencv\build\modules\world\CMakeFiles\cuda_compile_1.dir\__\__\__\opencv_contrib-4.10.0\modules\cudafilters\src\cuda\Release\cuda_compile_1_generated_column_filter.16sc1.cu.obj". Path: C:\Users\therouxe\source\repos\MacroMan5\macroman_aimbot_cpp\sunone_aimbot_cpp\modules\opencv\build\modules\world\CMakeFiles\cuda_compile_1.dir\__\__\__\opencv_contrib-4.10.0\modules\cudafilters\src\cuda\Release\cuda_compile_1_generated_column_filter.16sc1.cu.obj exceeds the OS max path limit. The fully qualified file name must be less than 260 characters. [C:\Users\therouxe\source\repos\MacroMan5\macroman_aimbot_cpp\sunone_aimbot_cpp\modules\opencv\build\modules\world\opencv_world.vcxproj]
